[Info] 2023/07/17 17:03:32 log.go:49: Log file size is normal, no need to recreate
[Info] 2023/07/17 17:03:32 avt_equipment.go:14: GetAvtEquipmentsByRoomId [0x14000330230 0x14000330310 0x140003303f0]
[Info] 2023/07/17 17:03:32 avt_equipment.go:14: GetAvtEquipmentsByRoomId [0x14000330620 0x14000330690 0x14000330700]
[Info] 2023/07/17 17:03:32 avt_equipment.go:14: GetAvtEquipmentsByRoomId [0x140003308c0 0x14000330930 0x140003309a0]
[Info] 2023/07/17 17:03:32 avt_equipment.go:14: GetAvtEquipmentsByRoomId [0x14000330af0]
[Info] 2023/07/17 17:03:32 avt_equipment.go:14: GetAvtEquipmentsByRoomId [0x14000330d90]
[Info] 2023/07/17 17:03:32 avt_equipment.go:14: GetAvtEquipmentsByRoomId [0x14000331030]
[Info] 2023/07/17 17:03:32 avt_equipment.go:14: GetAvtEquipmentsByRoomId [0x14000331340]
[Info] 2023/07/17 17:03:32 avt_equipment.go:14: GetAvtEquipmentsByRoomId [0x14000331490 0x14000331500 0x140003315e0]
[Info] 2023/07/17 17:03:32 avt_equipment.go:14: GetAvtEquipmentsByRoomId [0x140003317a0 0x140003318f0 0x14000331960]
[Info] 2023/07/17 17:03:32 avt_equipment.go:14: GetAvtEquipmentsByRoomId [0x14000331c00 0x14000331d50 0x14000331e30]
[Info] 2023/07/17 17:03:32 avt_equipment.go:14: GetAvtEquipmentsByRoomId [0x1400033e070 0x1400033e0e0 0x1400033e1c0]
[Info] 2023/07/17 17:03:32 avt_equipment.go:14: GetAvtEquipmentsByRoomId [0x1400033e380 0x1400033e4d0 0x1400033e540]
[Info] 2023/07/17 17:03:32 avt_equipment.go:14: GetAvtEquipmentsByRoomId [0x1400033eaf0 0x1400033eb60 0x1400033ebd0]
[Info] 2023/07/17 17:03:32 avt_equipment.go:14: GetAvtEquipmentsByRoomId [0x1400033ed20 0x1400033ee00 0x1400033ef50]
[Info] 2023/07/17 17:03:32 avt_equipment.go:14: GetAvtEquipmentsByRoomId [0x1400033f1f0 0x1400033f260 0x1400033f3b0]
[Info] 2023/07/17 17:03:32 avt_equipment.go:14: GetAvtEquipmentsByRoomId [0x1400033f5e0 0x1400033f650 0x1400033f730]
[Info] 2023/07/17 17:03:32 avt_equipment.go:14: GetAvtEquipmentsByRoomId [0x1400033f8f0 0x1400033f960 0x1400033fa40]
[Info] 2023/07/17 17:03:32 avt_equipment.go:14: GetAvtEquipmentsByRoomId [0x1400033fdc0]
[Info] 2023/07/17 17:03:32 avt_equipment.go:14: GetAvtEquipmentsByRoomId [0x140000ba000 0x140000ba070 0x140000ba0e0]
[Info] 2023/07/17 17:03:32 avt_equipment.go:14: GetAvtEquipmentsByRoomId [0x140000ba230]
[Info] 2023/07/17 17:03:32 avt_equipment.go:14: GetAvtEquipmentsByRoomId [0x140000ba3f0]
[Info] 2023/07/17 17:03:32 avt_equipment.go:14: GetAvtEquipmentsByRoomId [0x140000ba540]
[Info] 2023/07/17 17:03:32 avt_equipment.go:14: GetAvtEquipmentsByRoomId [0x140000ba690]
[Info] 2023/07/17 17:03:32 avt_equipment.go:14: GetAvtEquipmentsByRoomId [0x140000ba7e0]
[Info] 2023/07/17 17:03:32 avt_equipment.go:14: GetAvtEquipmentsByRoomId [0x140000ba930]
[Info] 2023/07/17 17:03:32 avt_equipment.go:14: GetAvtEquipmentsByRoomId [0x140000baaf0]
[Info] 2023/07/17 17:03:32 avt_equipment.go:14: GetAvtEquipmentsByRoomId [0x140000bae00]
[Info] 2023/07/17 17:03:32 avt_equipment.go:14: GetAvtEquipmentsByRoomId [0x140000baf50 0x140000bafc0 0x140000bb030]
[Info] 2023/07/17 17:03:32 avt_equipment.go:14: GetAvtEquipmentsByRoomId [0x140000bb180 0x140000bb260 0x140000bb340]
[Info] 2023/07/17 17:03:32 avt_equipment.go:14: GetAvtEquipmentsByRoomId [0x140000bb500 0x140000bb570 0x140000bb5e0]
[Info] 2023/07/17 17:03:32 avt_equipment.go:14: GetAvtEquipmentsByRoomId [0x140000bb7a0 0x140000bb810 0x140000bb8f0]
[Info] 2023/07/17 17:03:32 avt_equipment.go:14: GetAvtEquipmentsByRoomId [0x140000bbb20 0x140000bbc00 0x140000bbc70]
[Info] 2023/07/17 17:03:32 avt_equipment.go:14: GetAvtEquipmentsByRoomId [0x140000bbdc0 0x140000bbe30 0x140000bbea0]
[Info] 2023/07/17 17:03:32 avt_equipment.go:14: GetAvtEquipmentsByRoomId [0x14000580000]
[Info] 2023/07/17 17:03:32 avt_equipment.go:14: GetAvtEquipmentsByRoomId [0x14000580150]
[Info] 2023/07/17 17:03:32 avt_equipment.go:14: GetAvtEquipmentsByRoomId [0x14000580310]
[Info] 2023/07/17 17:03:32 avt_equipment.go:14: GetAvtEquipmentsByRoomId [0x14000580460]
[Info] 2023/07/17 17:03:32 avt_equipment.go:14: GetAvtEquipmentsByRoomId [0x140005805b0]
[Info] 2023/07/17 17:03:32 avt_equipment.go:14: GetAvtEquipmentsByRoomId [0x14000580770]
[Info] 2023/07/17 17:03:32 avt_equipment.go:14: GetAvtEquipmentsByRoomId [0x140005808c0]
[Info] 2023/07/17 17:03:32 avt_equipment.go:14: GetAvtEquipmentsByRoomId [0x14000580a80]
[Info] 2023/07/17 17:03:32 avt_equipment.go:14: GetAvtEquipmentsByRoomId [0x14000580bd0]
[Info] 2023/07/17 17:03:32 avt_equipment.go:14: GetAvtEquipmentsByRoomId [0x14000580d20]
[Info] 2023/07/17 17:03:32 avt_equipment.go:14: GetAvtEquipmentsByRoomId [0x14000580e70 0x14000580ee0 0x14000580f50]
[Info] 2023/07/17 17:03:32 avt_equipment.go:14: GetAvtEquipmentsByRoomId [0x140005810a0 0x14000581110 0x140005811f0]
[Info] 2023/07/17 17:03:32 avt_equipment.go:14: GetAvtEquipmentsByRoomId [0x14000581340 0x140005813b0 0x14000581420]
[Info] 2023/07/17 17:03:32 avt_equipment.go:14: GetAvtEquipmentsByRoomId [0x140005816c0 0x14000581730 0x140005817a0]
[Info] 2023/07/17 17:03:32 avt_equipment.go:14: GetAvtEquipmentsByRoomId [0x140005818f0 0x14000581960 0x14000581a40]
[Info] 2023/07/17 17:03:32 avt_equipment.go:14: GetAvtEquipmentsByRoomId [0x14000581b90 0x14000581c00 0x14000581c70]
[Info] 2023/07/17 17:03:32 avt_equipment.go:14: GetAvtEquipmentsByRoomId [0x14000581e30]
[Info] 2023/07/17 17:03:32 avt_equipment.go:14: GetAvtEquipmentsByRoomId [0x14000581f80]
[Info] 2023/07/17 17:03:32 avt_equipment.go:14: GetAvtEquipmentsByRoomId [0x1400058e150]
[Info] 2023/07/17 17:03:32 avt_equipment.go:14: GetAvtEquipmentsByRoomId [0x1400058e2a0]
[Info] 2023/07/17 17:03:32 avt_equipment.go:14: GetAvtEquipmentsByRoomId [0x1400058e460]
[Info] 2023/07/17 17:03:32 avt_equipment.go:14: GetAvtEquipmentsByRoomId [0x1400058e5b0]
[Info] 2023/07/17 17:03:32 avt_equipment.go:14: GetAvtEquipmentsByRoomId [0x1400058e770]
[Info] 2023/07/17 17:03:32 avt_equipment.go:14: GetAvtEquipmentsByRoomId [0x1400058e8c0]
[Info] 2023/07/17 17:03:32 avt_equipment.go:14: GetAvtEquipmentsByRoomId [0x1400058ea80]
[Info] 2023/07/17 17:03:32 avt_equipment.go:14: GetAvtEquipmentsByRoomId [0x1400058ebd0]
[Info] 2023/07/17 17:03:32 avt_equipment.go:14: GetAvtEquipmentsByRoomId [0x1400058ed90]
[Info] 2023/07/17 17:03:32 avt_equipment.go:14: GetAvtEquipmentsByRoomId [0x1400058eee0 0x1400058efc0 0x1400058f030]
[Info] 2023/07/17 17:03:32 avt_equipment.go:14: GetAvtEquipmentsByRoomId [0x1400058f180 0x1400058f1f0 0x1400058f2d0]
[Info] 2023/07/17 17:03:32 avt_equipment.go:14: GetAvtEquipmentsByRoomId [0x1400058f420 0x1400058f490 0x1400058f500]
[Info] 2023/07/17 17:03:32 avt_equipment.go:14: GetAvtEquipmentsByRoomId [0x1400058f6c0 0x1400058f730 0x1400058f7a0]
[Info] 2023/07/17 17:03:32 avt_equipment.go:14: GetAvtEquipmentsByRoomId [0x1400058f8f0 0x1400058f960 0x1400058f9d0]
[Info] 2023/07/17 17:03:32 avt_equipment.go:14: GetAvtEquipmentsByRoomId [0x1400058fb90 0x1400058fc00 0x1400058fc70 0x1400058fce0]
[Info] 2023/07/17 17:03:32 avt_equipment.go:14: GetAvtEquipmentsByRoomId [0x1400058fea0 0x1400058ff10 0x1400058ff80 0x140000ce000 0x140000ce070 0x140000ce0e0]
[Info] 2023/07/17 17:03:32 avt_equipment.go:14: GetAvtEquipmentsByRoomId [0x140000ce230 0x140000ce2a0]
[Info] 2023/07/17 17:03:32 avt_equipment.go:14: GetAvtEquipmentsByRoomId [0x140000ce460 0x140000ce4d0]
[Info] 2023/07/17 17:03:32 avt_equipment.go:14: GetAvtEquipmentsByRoomId [0x140000ce690 0x140000ce770]
[Info] 2023/07/17 17:03:32 avt_equipment.go:14: GetAvtEquipmentsByRoomId [0x140000ce9a0 0x140000cea10]
[Info] 2023/07/17 17:03:32 avt_equipment.go:14: GetAvtEquipmentsByRoomId [0x140000ceb60 0x140000cebd0]
[Info] 2023/07/17 17:03:32 avt_equipment.go:14: GetAvtEquipmentsByRoomId [0x140000ced90 0x140000cee70]
[Info] 2023/07/17 17:03:32 avt_equipment.go:14: GetAvtEquipmentsByRoomId [0x140000cefc0 0x140000cf030]
[Info] 2023/07/17 17:03:32 avt_equipment.go:14: GetAvtEquipmentsByRoomId [0x140000cf180 0x140000cf1f0]
[Info] 2023/07/17 17:03:32 api_cache.go:25: GetRoomData Success
[Info] 2023/07/17 17:03:32 mqtt_init.go:69: mqtt connect success!!!
[Info] 2023/07/17 17:03:32 cache_init.go:36: GetIPData Cache Sucessful!
[Error] 2023/07/17 17:04:27 cache_init.go:51: device is down, ip is  EOF 127.0.0.1
